<?xml version="1.0" encoding="UTF-8"?>
<testsuite xmlns:xsi="http://www.w3.org/2001/XMLSchema-instance" xsi:noNamespaceSchemaLocation="https://maven.apache.org/surefire/maven-surefire-plugin/xsd/surefire-test-report-3.0.xsd" version="3.0" name="com.example.demo.controller.OrderControllerIT" time="9.815" tests="6" errors="0" skipped="0" failures="0">
  <properties>
[...]
</properties>
  <testcase name="testCreateOrder_ZeroQuantity_ReturnsBadRequest" classname="com.example.demo.controller.OrderControllerIT" time="3.321">
    <system-out><![CDATA[14:36:22.762 [main] DEBUG org.springframework.test.context.BootstrapUtils - Instantiating CacheAwareContextLoaderDelegate from class [org.springframework.test.context.cache.DefaultCacheAwareContextLoaderDelegate]
14:36:22.774 [main] DEBUG org.springframework.test.context.BootstrapUtils - Instantiating BootstrapContext using constructor [public org.springframework.test.context.support.DefaultBootstrapContext(java.lang.Class,org.springframework.test.context.CacheAwareContextLoaderDelegate)]
14:36:22.890 [main] DEBUG org.springframework.test.context.BootstrapUtils - Instantiating TestContextBootstrapper for test class [com.example.demo.controller.OrderControllerIT] from class [org.springframework.boot.test.context.SpringBootTestContextBootstrapper]
14:36:22.911 [main] INFO org.springframework.boot.test.context.SpringBootTestContextBootstrapper - Neither @ContextConfiguration nor @ContextHierarchy found for test class [com.example.demo.controller.OrderControllerIT], using SpringBootContextLoader
14:36:22.943 [main] DEBUG org.springframework.test.context.support.AbstractContextLoader - Did not detect default resource location for test class [com.example.demo.controller.OrderControllerIT]: class path resource [com/example/demo/controller/OrderControllerIT-context.xml] does not exist
14:36:22.944 [main] DEBUG org.springframework.test.context.support.AbstractContextLoader - Did not detect default resource location for test class [com.example.demo.controller.OrderControllerIT]: class path resource [com/example/demo/controller/OrderControllerITContext.groovy] does not exist
14:36:22.944 [main] INFO org.springframework.test.context.support.AbstractContextLoader - Could not detect default resource locations for test class [com.example.demo.controller.OrderControllerIT]: no resource found for suffixes {-context.xml, Context.groovy}.
14:36:22.945 [main] INFO org.springframework.test.context.support.AnnotationConfigContextLoaderUtils - Could not detect default configuration classes for test class [com.example.demo.controller.OrderControllerIT]: OrderControllerIT does not declare any static, non-private, non-final, nested classes annotated with @Configuration.
14:36:23.060 [main] DEBUG org.springframework.test.context.support.ActiveProfilesUtils - Could not find an 'annotation declaring class' for annotation type [org.springframework.test.context.ActiveProfiles] and class [com.example.demo.controller.OrderControllerIT]
14:36:23.191 [main] DEBUG org.springframework.context.annotation.ClassPathScanningCandidateComponentProvider - Identified candidate component class: file [/Users/yuxiao/Downloads/0713demo1103 /target/classes/com/example/demo/App.class]
14:36:23.192 [main] INFO org.springframework.boot.test.context.SpringBootTestContextBootstrapper - Found @SpringBootConfiguration com.example.demo.App for test class com.example.demo.controller.OrderControllerIT
14:36:23.399 [main] DEBUG org.springframework.boot.test.context.SpringBootTestContextBootstrapper - @TestExecutionListeners is not present for class [com.example.demo.controller.OrderControllerIT]: using defaults.
14:36:23.401 [main] INFO org.springframework.boot.test.context.SpringBootTestContextBootstrapper - Loaded default TestExecutionListener class names from location [META-INF/spring.factories]: [org.springframework.boot.test.mock.mockito.MockitoTestExecutionListener, org.springframework.boot.test.mock.mockito.ResetMocksTestExecutionListener, org.springframework.boot.test.autoconfigure.restdocs.RestDocsTestExecutionListener, org.springframework.boot.test.autoconfigure.web.client.MockRestServiceServerResetTestExecutionListener, org.springframework.boot.test.autoconfigure.web.servlet.MockMvcPrintOnlyOnFailureTestExecutionListener, org.springframework.boot.test.autoconfigure.web.servlet.WebDriverTestExecutionListener, org.springframework.boot.test.autoconfigure.webservices.client.MockWebServiceServerTestExecutionListener, org.springframework.test.context.web.ServletTestExecutionListener, org.springframework.test.context.support.DirtiesContextBeforeModesTestExecutionListener, org.springframework.test.context.event.ApplicationEventsTestExecutionListener, org.springframework.test.context.support.DependencyInjectionTestExecutionListener, org.springframework.test.context.support.DirtiesContextTestExecutionListener, org.springframework.test.context.transaction.TransactionalTestExecutionListener, org.springframework.test.context.jdbc.SqlScriptsTestExecutionListener, org.springframework.test.context.event.EventPublishingTestExecutionListener]
14:36:23.414 [main] DEBUG org.springframework.boot.test.context.SpringBootTestContextBootstrapper - Skipping candidate TestExecutionListener [org.springframework.test.context.transaction.TransactionalTestExecutionListener] due to a missing dependency. Specify custom listener classes or make the default listener classes and their required dependencies available. Offending class: [org/springframework/transaction/TransactionDefinition]
14:36:23.415 [main] DEBUG org.springframework.boot.test.context.SpringBootTestContextBootstrapper - Skipping candidate TestExecutionListener [org.springframework.test.context.jdbc.SqlScriptsTestExecutionListener] due to a missing dependency. Specify custom listener classes or make the default listener classes and their required dependencies available. Offending class: [org/springframework/transaction/interceptor/TransactionAttribute]
14:36:23.415 [main] INFO org.springframework.boot.test.context.SpringBootTestContextBootstrapper - Using TestExecutionListeners: [org.springframework.test.context.web.ServletTestExecutionListener@24c84e65, org.springframework.test.context.support.DirtiesContextBeforeModesTestExecutionListener@7337bd2e, org.springframework.test.context.event.ApplicationEventsTestExecutionListener@4604e051, org.springframework.boot.test.mock.mockito.MockitoTestExecutionListener@4535bdc6, org.springframework.boot.test.autoconfigure.SpringBootDependencyInjectionTestExecutionListener@23e86863, org.springframework.test.context.support.DirtiesContextTestExecutionListener@6df87ffd, org.springframework.test.context.event.EventPublishingTestExecutionListener@c1f0c7b, org.springframework.boot.test.mock.mockito.ResetMocksTestExecutionListener@642c5bb3, org.springframework.boot.test.autoconfigure.restdocs.RestDocsTestExecutionListener@4e79c25, org.springframework.boot.test.autoconfigure.web.client.MockRestServiceServerResetTestExecutionListener@2ace1cd3, org.springframework.boot.test.autoconfigure.web.servlet.MockMvcPrintOnlyOnFailureTestExecutionListener@5e46a125, org.springframework.boot.test.autoconfigure.web.servlet.WebDriverTestExecutionListener@5831989d, org.springframework.boot.test.autoconfigure.webservices.client.MockWebServiceServerTestExecutionListener@608f310a]
14:36:23.425 [main] DEBUG org.springframework.test.context.support.AbstractDirtiesContextTestExecutionListener - Before test class: context [DefaultTestContext@7cbe3a05 testClass = OrderControllerIT, testInstance = [null], testMethod = [null], testException = [null], mergedContextConfiguration = [WebMergedContextConfiguration@40b70f31 testClass = OrderControllerIT, locations = '{}', classes = '{class com.example.demo.App}', contextInitializerClasses = '[]', activeProfiles = '{}', propertySourceLocations = '{}', propertySourceProperties = '{org.springframework.boot.test.context.SpringBootTestContextBootstrapper=true, server.port=0}', contextCustomizers = set[org.springframework.boot.test.context.filter.ExcludeFilterContextCustomizer@2abafa97, org.springframework.boot.test.json.DuplicateJsonObjectContextCustomizerFactory$DuplicateJsonObjectContextCustomizer@4b55ff0a, org.springframework.boot.test.mock.mockito.MockitoContextCustomizer@0, org.springframework.boot.test.web.client.TestRestTemplateContextCustomizer@72557746, org.springframework.boot.test.autoconfigure.actuate.metrics.MetricsExportContextCustomizerFactory$DisableMetricExportContextCustomizer@2f95653f, org.springframework.boot.test.autoconfigure.properties.PropertyMappingContextCustomizer@0, org.springframework.boot.test.autoconfigure.web.servlet.WebDriverContextCustomizerFactory$Customizer@64021427, org.springframework.boot.test.context.SpringBootTestArgs@1, org.springframework.boot.test.context.SpringBootTestWebEnvironment@5f8890c2], resourceBasePath = 'src/main/webapp', contextLoader = 'org.springframework.boot.test.context.SpringBootContextLoader', parent = [null]], attributes = map['org.springframework.test.context.web.ServletTestExecutionListener.activateListener' -> false]], class annotated with @DirtiesContext [false] with mode [null].
14:36:23.441 [main] DEBUG org.springframework.test.context.support.DependencyInjectionTestExecutionListener - Performing dependency injection for test context [[DefaultTestContext@7cbe3a05 testClass = OrderControllerIT, testInstance = com.example.demo.controller.OrderControllerIT@621a387f, testMethod = [null], testException = [null], mergedContextConfiguration = [WebMergedContextConfiguration@40b70f31 testClass = OrderControllerIT, locations = '{}', classes = '{class com.example.demo.App}', contextInitializerClasses = '[]', activeProfiles = '{}', propertySourceLocations = '{}', propertySourceProperties = '{org.springframework.boot.test.context.SpringBootTestContextBootstrapper=true, server.port=0}', contextCustomizers = set[org.springframework.boot.test.context.filter.ExcludeFilterContextCustomizer@2abafa97, org.springframework.boot.test.json.DuplicateJsonObjectContextCustomizerFactory$DuplicateJsonObjectContextCustomizer@4b55ff0a, org.springframework.boot.test.mock.mockito.MockitoContextCustomizer@0, org.springframework.boot.test.web.client.TestRestTemplateContextCustomizer@72557746, org.springframework.boot.test.autoconfigure.actuate.metrics.MetricsExportContextCustomizerFactory$DisableMetricExportContextCustomizer@2f95653f, org.springframework.boot.test.autoconfigure.properties.PropertyMappingContextCustomizer@0, org.springframework.boot.test.autoconfigure.web.servlet.WebDriverContextCustomizerFactory$Customizer@64021427, org.springframework.boot.test.context.SpringBootTestArgs@1, org.springframework.boot.test.context.SpringBootTestWebEnvironment@5f8890c2], resourceBasePath = 'src/main/webapp', contextLoader = 'org.springframework.boot.test.context.SpringBootContextLoader', parent = [null]], attributes = map['org.springframework.test.context.web.ServletTestExecutionListener.activateListener' -> false, 'org.springframework.test.context.event.ApplicationEventsTestExecutionListener.recordApplicationEvents' -> false]]].

  .   ____          _            __ _ _
 /\\ / ___'_ __ _ _(_)_ __  __ _ \ \ \ \
( ( )\___ | '_ | '_| | '_ \/ _` | \ \ \ \
 \\/  ___)| |_)| | | | | || (_| |  ) ) ) )
  '  |____| .__|_| |_|_| |_\__, | / / / /
 =========|_|==============|___/=/_/_/_/
 :: Spring Boot ::               (v2.7.14)

2025-11-11 14:36:24.106  INFO 78084 --- [           main] c.e.demo.controller.OrderControllerIT    : Starting OrderControllerIT using Java 1.8.0_402 on U-G2X6F22D-0000.local with PID 78084 (started by yuxiao in /Users/yuxiao/Downloads/0713demo1103 )
2025-11-11 14:36:24.110  INFO 78084 --- [           main] c.e.demo.controller.OrderControllerIT    : No active profile set, falling back to 1 default profile: "default"
2025-11-11 14:36:26.256  INFO 78084 --- [           main] o.s.b.w.embedded.tomcat.TomcatWebServer  : Tomcat initialized with port(s): 0 (http)
2025-11-11 14:36:26.267  INFO 78084 --- [           main] o.apache.catalina.core.StandardService   : Starting service [Tomcat]
2025-11-11 14:36:26.268  INFO 78084 --- [           main] org.apache.catalina.core.StandardEngine  : Starting Servlet engine: [Apache Tomcat/9.0.78]
2025-11-11 14:36:26.408  INFO 78084 --- [           main] o.a.c.c.C.[Tomcat].[localhost].[/]       : Initializing Spring embedded WebApplicationContext
2025-11-11 14:36:26.410  INFO 78084 --- [           main] w.s.c.ServletWebServerApplicationContext : Root WebApplicationContext: initialization completed in 1737 ms
从数据库加载了 10 条订单记录
2025-11-11 14:36:28.056  INFO 78084 --- [           main] o.s.b.w.embedded.tomcat.TomcatWebServer  : Tomcat started on port(s): 57362 (http) with context path ''
2025-11-11 14:36:28.070  INFO 78084 --- [           main] c.e.demo.controller.OrderControllerIT    : Started OrderControllerIT in 4.603 seconds (JVM running for 12.285)
2025-11-11 14:36:30.047  INFO 78084 --- [o-auto-1-exec-1] o.a.c.c.C.[Tomcat].[localhost].[/]       : Initializing Spring DispatcherServlet 'dispatcherServlet'
2025-11-11 14:36:30.049  INFO 78084 --- [o-auto-1-exec-1] o.s.web.servlet.DispatcherServlet        : Initializing Servlet 'dispatcherServlet'
2025-11-11 14:36:30.057  INFO 78084 --- [o-auto-1-exec-1] o.s.web.servlet.DispatcherServlet        : Completed initialization in 8 ms
]]></system-out>
  </testcase>
  <testcase name="testCreateOrder_ValidOrder_ReturnsSuccess" classname="com.example.demo.controller.OrderControllerIT" time="0.3"/>
  <testcase name="testCreateOrder_NegativeAmount_ReturnsBadRequest" classname="com.example.demo.controller.OrderControllerIT" time="0.119"/>
  <testcase name="testGetAllOrders_ReturnsOrderList" classname="com.example.demo.controller.OrderControllerIT" time="0.258"/>
  <testcase name="testHealthCheck_ReturnsOK" classname="com.example.demo.controller.OrderControllerIT" time="0.107"/>
  <testcase name="testGetOrder_ValidOrderId_ReturnsOrder" classname="com.example.demo.controller.OrderControllerIT" time="0.201"/>
</testsuite>